2026-07-09 18:45:44,192 - freqtrade.loggers - INFO - Enabling colorized output.
2026-07-09 18:45:44,193 - freqtrade.loggers - INFO - Logfile configured
2026-07-09 18:45:44,193 - freqtrade.loggers - INFO - Verbosity set to 0
2026-07-09 18:45:44,194 - freqtrade.configuration.configuration - INFO - Runmode set to dry_run.
2026-07-09 18:45:44,194 - freqtrade.configuration.configuration - INFO - Parameter --db-url detected ...
2026-07-09 18:45:44,195 - freqtrade.configuration.configuration - WARNING - `force_entry_enable` RPC message enabled.
2026-07-09 18:45:44,195 - freqtrade.configuration.configuration - INFO - Dry run is enabled
2026-07-09 18:45:44,196 - freqtrade.configuration.configuration - INFO - Using DB: "sqlite:////freqtrade/user_data/tradesv3.revo_adaptive.paper.sqlite"
2026-07-09 18:45:44,196 - freqtrade.configuration.configuration - INFO - Using max_open_trades: 20 ...
2026-07-09 18:45:44,224 - freqtrade.configuration.directory_operations - WARNING - Could not chown /freqtrade/user_data
2026-07-09 18:45:44,225 - freqtrade.configuration.configuration - INFO - Using user-data directory: /freqtrade/user_data ...
2026-07-09 18:45:44,226 - freqtrade.configuration.directory_operations - INFO - Created data directory: None
2026-07-09 18:45:44,226 - freqtrade.configuration.configuration - INFO - Using data directory: /freqtrade/user_data/data/bybit ...
2026-07-09 18:45:44,227 - freqtrade.exchange.check_exchange - INFO - Checking exchange...
2026-07-09 18:45:44,235 - freqtrade.exchange.check_exchange - INFO - Exchange "bybit" is officially supported by the Freqtrade development team.
2026-07-09 18:45:44,236 - freqtrade.configuration.configuration - INFO - Using pairlist from configuration.
2026-07-09 18:45:44,236 - freqtrade.exchange.exchange - INFO - Instance is running with dry_run enabled
2026-07-09 18:45:44,237 - freqtrade.exchange.exchange - INFO - Using CCXT 4.5.61
2026-07-09 18:45:44,237 - freqtrade.exchange.exchange - INFO - Applying additional ccxt config: {'options': {'defaultType': 'swap', 'defaultSettle': 'USDT'}}
2026-07-09 18:45:44,244 - freqtrade.exchange.exchange - INFO - Applying additional ccxt config: {'options': {'defaultType': 'swap', 'defaultSettle': 'USDT'}}
2026-07-09 18:45:44,251 - freqtrade.exchange.exchange - INFO - Applying additional ccxt config: {'options': {'defaultType': 'swap', 'defaultSettle': 'USDT'}}
2026-07-09 18:45:44,259 - freqtrade.exchange.exchange - INFO - Using Exchange "Bybit"
2026-07-09 18:45:52,489 - freqtrade.misc - INFO - dumping json to "/freqtrade/user_data/data/bybit/futures/leverage_tiers_USDT.json"
2026-07-09 18:45:52,579 - freqtrade.resolvers.exchange_resolver - INFO - Using resolved exchange 'Bybit'...
2026-07-09 18:45:52,584 - freqtrade.resolvers.iresolver - INFO - Using resolved strategy RevoAdaptiveStrategy from '/freqtrade/user_data/strategies/RevoAdaptiveStrategy.py'...
2026-07-09 18:45:52,585 - freqtrade.strategy.hyper - INFO - Found no parameter file.
2026-07-09 18:45:52,585 - freqtrade.resolvers.strategy_resolver - INFO - Override strategy 'timeframe' with value from the configuration: 5m.
2026-07-09 18:45:52,586 - freqtrade.resolvers.strategy_resolver - INFO - Override strategy 'stake_currency' with value from the configuration: USDT.
2026-07-09 18:45:52,586 - freqtrade.resolvers.strategy_resolver - INFO - Override strategy 'stake_amount' with value from the configuration: 50.
2026-07-09 18:45:52,587 - freqtrade.resolvers.strategy_resolver - INFO - Override strategy 'max_open_trades' with value from the configuration: 20.
2026-07-09 18:45:52,587 - freqtrade.resolvers.strategy_resolver - INFO - Strategy using minimal_roi: {'0': 0.08, '180': 0.04, '360': 0.02, '720': 0}
2026-07-09 18:45:52,587 - freqtrade.resolvers.strategy_resolver - INFO - Strategy using timeframe: 5m
2026-07-09 18:45:52,588 - freqtrade.resolvers.strategy_resolver - INFO - Strategy using stoploss: -0.02
2026-07-09 18:45:52,588 - freqtrade.resolvers.strategy_resolver - INFO - Strategy using trailing_stop: False
2026-07-09 18:45:52,588 - freqtrade.resolvers.strategy_resolver - INFO - Strategy using trailing_stop_positive: 0.5
2026-07-09 18:45:52,589 - freqtrade.resolvers.strategy_resolver - INFO - Strategy using trailing_stop_positive_offset: 0.0
2026-07-09 18:45:52,589 - freqtrade.resolvers.strategy_resolver - INFO - Strategy using trailing_only_offset_is_reached: False
2026-07-09 18:45:52,589 - freqtrade.resolvers.strategy_resolver - INFO - Strategy using use_custom_stoploss: False
2026-07-09 18:45:52,590 - freqtrade.resolvers.strategy_resolver - INFO - Strategy using process_only_new_candles: True
2026-07-09 18:45:52,590 - freqtrade.resolvers.strategy_resolver - INFO - Strategy using order_types: {'entry': 'limit', 'exit': 'limit', 'stoploss': 'limit', 'stoploss_on_exchange': False, 'stoploss_on_exchange_interval': 60}
2026-07-09 18:45:52,590 - freqtrade.resolvers.strategy_resolver - INFO - Strategy using order_time_in_force: {'entry': 'GTC', 'exit': 'GTC'}
2026-07-09 18:45:52,591 - freqtrade.resolvers.strategy_resolver - INFO - Strategy using stake_currency: USDT
2026-07-09 18:45:52,591 - freqtrade.resolvers.strategy_resolver - INFO - Strategy using stake_amount: 50
2026-07-09 18:45:52,591 - freqtrade.resolvers.strategy_resolver - INFO - Strategy using startup_candle_count: 240
2026-07-09 18:45:52,592 - freqtrade.resolvers.strategy_resolver - INFO - Strategy using use_exit_signal: False
2026-07-09 18:45:52,592 - freqtrade.resolvers.strategy_resolver - INFO - Strategy using exit_profit_only: False
2026-07-09 18:45:52,592 - freqtrade.resolvers.strategy_resolver - INFO - Strategy using ignore_roi_if_entry_signal: False
2026-07-09 18:45:52,592 - freqtrade.resolvers.strategy_resolver - INFO - Strategy using exit_profit_offset: 0.0
2026-07-09 18:45:52,593 - freqtrade.resolvers.strategy_resolver - INFO - Strategy using disable_dataframe_checks: False
2026-07-09 18:45:52,593 - freqtrade.resolvers.strategy_resolver - INFO - Strategy using ignore_buying_expired_candle_after: 0
2026-07-09 18:45:52,593 - freqtrade.resolvers.strategy_resolver - INFO - Strategy using position_adjustment_enable: True
2026-07-09 18:45:52,594 - freqtrade.resolvers.strategy_resolver - INFO - Strategy using max_entry_position_adjustment: -1
2026-07-09 18:45:52,594 - freqtrade.resolvers.strategy_resolver - INFO - Strategy using max_open_trades: 20
2026-07-09 18:45:52,594 - freqtrade.configuration.config_validation - INFO - Validating configuration ...
2026-07-09 18:45:52,635 - freqtrade.wallets - INFO - Wallets synced.
2026-07-09 18:45:52,707 - freqtrade.rpc.rpc_manager - INFO - Enabling rpc.telegram ...
2026-07-09 18:45:52,877 - freqtrade.resolvers.iresolver - INFO - Using resolved pairlist RemotePairList from '/freqtrade/freqtrade/plugins/pairlist/RemotePairList.py'...
2026-07-09 18:45:52,877 - freqtrade.freqtradebot - INFO - Starting initial pairlist refresh
2026-07-09 18:45:52,878 - freqtrade.freqtradebot - INFO - Initial Pairlist refresh took 0.00s
2026-07-09 18:45:52,879 - freqtrade.freqtradebot - INFO - Cleaning up modules ...
2026-07-09 18:45:52,881 - freqtrade.rpc.rpc_manager - INFO - Cleaning up rpc modules ...
2026-07-09 18:45:52,881 - freqtrade.rpc.rpc_manager - INFO - Cleaning up rpc.telegram ...
2026-07-09 18:45:52,914 - freqtrade.rpc.telegram - INFO - rpc.telegram is listening for following commands: [['status'], ['profit'], ['balance'], ['start'], ['stop'], ['forceexit', 'forcesell', 'fx'], ['forcebuy', 'forcelong'], ['forceshort'], ['reload_trade'], ['trades'], ['delete'], ['cancel_open_order', 'coo'], ['performance'], ['buys', 'entries'], ['exits', 'sells'], ['mix_tags'], ['stats'], ['daily'], ['weekly'], ['monthly'], ['count'], ['locks'], ['delete_locks', 'unlock'], ['reload_conf', 'reload_config'], ['show_conf', 'show_config'], ['pause', 'stopbuy', 'stopentry'], ['whitelist'], ['blacklist'], ['bl_delete', 'blacklist_delete'], ['logs'], ['health'], ['help'], ['version'], ['marketdir'], ['order'], ['list_custom_data'], ['tg_info'], ['profit_long'], ['profit_short']]
2026-07-09 18:45:53,445 - telegram.ext.Application - INFO - Application started
2026-07-09 19:19:24,141 - freqtrade - INFO - SIGINT received, aborting ...
